2025-07-04 11:47:45,024 - INFO: === Cliente de Lançamento do Minecraft ===
2025-07-04 11:47:45,024 - INFO: Servidor: https://scoregame-site.onrender.com
2025-07-04 11:47:45,024 - INFO: Intervalo de polling: 10s
2025-07-04 11:47:45,025 - INFO: Usuário atual: micael.amaral
2025-07-04 11:47:45,025 - INFO: Para sair, pressione Ctrl+C
2025-07-04 11:47:45,025 - INFO: Verificando servidor...
2025-07-04 11:47:56,701 - WARNING: Timeout na tentativa 1/3
2025-07-04 11:47:56,702 - INFO: Tentando novamente em 5s...
2025-07-08 09:18:24,927 - INFO: === Cliente de Lançamento do Minecraft ===
2025-07-08 09:18:24,927 - INFO: Servidor: https://scoregame-site.onrender.com
2025-07-08 09:18:24,928 - INFO: Intervalo de polling: 10s
2025-07-08 09:18:24,928 - INFO: Usuário atual: micael.amaral
2025-07-08 09:18:24,928 - INFO: Para sair, pressione Ctrl+C
2025-07-08 09:18:24,928 - INFO: Verificando servidor...
2025-07-08 09:18:36,577 - WARNING: Timeout na tentativa 1/3
2025-07-08 09:18:36,577 - INFO: Tentando novamente em 5s...
2025-07-08 14:33:38,806 - INFO: === Cliente de Lançamento do Minecraft ===
2025-07-08 14:33:38,807 - INFO: Servidor: https://scoregame-site.onrender.com
2025-07-08 14:33:38,807 - INFO: Intervalo de polling: 10s
2025-07-08 14:33:38,807 - INFO: Usuário atual: micael.amaral
2025-07-08 14:33:38,807 - INFO: Para sair, pressione Ctrl+C
2025-07-08 14:33:38,808 - INFO: Verificando servidor...
2025-07-08 14:33:49,102 - WARNING: Timeout na tentativa 1/3
2025-07-08 14:33:49,103 - INFO: Tentando novamente em 5s...
2025-07-08 14:34:04,176 - WARNING: Timeout na tentativa 2/3
2025-07-08 14:34:04,176 - INFO: Tentando novamente em 5s...
2025-07-08 14:34:10,876 - INFO: Próxima verificação em 10s...
2025-07-08 14:34:20,877 - INFO: Verificando servidor...
2025-07-08 14:34:21,194 - INFO: Próxima verificação em 10s...
2025-07-08 14:34:31,195 - INFO: Verificando servidor...
2025-07-08 14:34:31,508 - INFO: Próxima verificação em 10s...
2025-07-08 14:34:41,509 - INFO: Verificando servidor...
2025-07-08 14:34:41,804 - INFO: Próxima verificação em 10s...
2025-07-08 14:34:51,805 - INFO: Verificando servidor...
2025-07-08 14:34:52,496 - INFO: Próxima verificação em 10s...
2025-07-08 14:35:02,497 - INFO: Verificando servidor...
2025-07-08 14:35:03,204 - INFO: Próxima verificação em 10s...
2025-07-08 14:35:13,205 - INFO: Verificando servidor...
2025-07-08 14:35:13,917 - INFO: Próxima verificação em 10s...
2025-07-08 14:35:23,918 - INFO: Verificando servidor...
2025-07-08 14:35:24,219 - INFO: Próxima verificação em 10s...
2025-07-08 14:35:34,220 - INFO: Verificando servidor...
2025-07-08 14:35:34,516 - INFO: Próxima verificação em 10s...
2025-07-08 14:35:44,517 - INFO: Verificando servidor...
2025-07-08 14:35:44,816 - INFO: Próxima verificação em 10s...
2025-07-08 14:35:54,817 - INFO: Verificando servidor...
2025-07-08 14:35:55,113 - INFO: Próxima verificação em 10s...
2025-07-08 14:36:05,114 - INFO: Verificando servidor...
2025-07-08 14:36:05,806 - INFO: Próxima verificação em 10s...
2025-07-08 14:36:15,807 - INFO: Verificando servidor...
2025-07-08 14:36:16,471 - INFO: Próxima verificação em 10s...
2025-07-08 14:36:26,472 - INFO: Verificando servidor...
2025-07-08 14:36:27,156 - INFO: Próxima verificação em 10s...
2025-07-08 14:36:37,157 - INFO: Verificando servidor...
2025-07-08 14:36:37,465 - INFO: Próxima verificação em 10s...
2025-07-08 14:36:47,467 - INFO: Verificando servidor...
2025-07-08 14:36:48,153 - INFO: Próxima verificação em 10s...
2025-07-08 14:36:58,154 - INFO: Verificando servidor...
2025-07-08 14:36:58,557 - INFO: Próxima verificação em 10s...
2025-07-08 14:37:08,558 - INFO: Verificando servidor...
2025-07-08 14:37:08,862 - INFO: Próxima verificação em 10s...
2025-07-08 14:37:18,863 - INFO: Verificando servidor...
2025-07-08 14:37:19,222 - INFO: Próxima verificação em 10s...
2025-07-08 14:37:29,223 - INFO: Verificando servidor...
2025-07-08 14:37:29,905 - INFO: Próxima verificação em 10s...
2025-07-08 14:37:39,906 - INFO: Verificando servidor...
2025-07-08 14:37:40,244 - INFO: Próxima verificação em 10s...
2025-07-08 14:37:50,245 - INFO: Verificando servidor...
2025-07-08 14:37:50,944 - INFO: Próxima verificação em 10s...
2025-07-08 14:38:00,945 - INFO: Verificando servidor...
2025-07-08 14:38:01,669 - INFO: Próxima verificação em 10s...
2025-07-08 14:38:11,670 - INFO: Verificando servidor...
2025-07-08 14:38:11,972 - INFO: Próxima verificação em 10s...
2025-07-08 14:38:21,974 - INFO: Verificando servidor...
2025-07-08 14:38:22,271 - INFO: Próxima verificação em 10s...
2025-07-08 14:38:32,272 - INFO: Verificando servidor...
2025-07-08 14:38:32,585 - INFO: Próxima verificação em 10s...
2025-07-08 14:38:42,586 - INFO: Verificando servidor...
2025-07-08 14:38:43,261 - INFO: Próxima verificação em 10s...
2025-07-08 14:38:53,262 - INFO: Verificando servidor...
2025-07-08 14:38:53,954 - INFO: Próxima verificação em 10s...
2025-07-08 14:39:03,955 - INFO: Verificando servidor...
2025-07-08 14:39:04,251 - INFO: Próxima verificação em 10s...
2025-07-08 14:39:14,252 - INFO: Verificando servidor...
2025-07-08 14:39:14,914 - INFO: Próxima verificação em 10s...
2025-07-08 14:39:24,916 - INFO: Verificando servidor...
2025-07-08 14:39:25,220 - INFO: Próxima verificação em 10s...
2025-07-08 14:39:35,221 - INFO: Verificando servidor...
2025-07-08 14:39:35,508 - INFO: Próxima verificação em 10s...
2025-07-08 14:39:45,508 - INFO: Verificando servidor...
2025-07-08 14:39:45,806 - INFO: Próxima verificação em 10s...
2025-07-08 14:40:01,814 - INFO: === Cliente de Lançamento do Minecraft ===
2025-07-08 14:40:01,815 - INFO: Servidor: https://scoregame-site.onrender.com
2025-07-08 14:40:01,815 - INFO: Intervalo de polling: 10s
2025-07-08 14:40:01,815 - INFO: Usuário atual: micael.amaral
2025-07-08 14:40:01,815 - INFO: Para sair, pressione Ctrl+C
2025-07-08 14:40:01,815 - INFO: Verificando servidor...
2025-07-08 14:40:02,612 - INFO: Próxima verificação em 10s...
2025-07-08 14:40:12,613 - INFO: Verificando servidor...
2025-07-08 14:40:13,278 - INFO: Próxima verificação em 10s...
2025-07-08 14:40:23,279 - INFO: Verificando servidor...
2025-07-08 14:40:23,940 - INFO: Próxima verificação em 10s...
2025-07-08 14:40:33,941 - INFO: Verificando servidor...
2025-07-08 14:40:34,246 - INFO: Próxima verificação em 10s...
2025-07-08 14:40:42,444 - INFO: === Cliente de Lançamento do Minecraft ===
2025-07-08 14:40:42,445 - INFO: Servidor: https://scoregame-site.onrender.com
2025-07-08 14:40:42,445 - INFO: Intervalo de polling: 10s
2025-07-08 14:40:42,445 - INFO: Usuário atual: micael.amaral
2025-07-08 14:40:42,445 - INFO: Para sair, pressione Ctrl+C
2025-07-08 14:40:42,445 - INFO: Verificando servidor...
2025-07-08 14:40:42,793 - INFO: Próxima verificação em 10s...
2025-07-08 14:40:52,794 - INFO: Verificando servidor...
2025-07-08 14:40:53,202 - INFO: Próxima verificação em 10s...
2025-07-08 14:41:03,203 - INFO: Verificando servidor...
2025-07-08 14:41:03,501 - INFO: Próxima verificação em 10s...
2025-07-08 14:41:13,503 - INFO: Verificando servidor...
2025-07-08 14:41:13,810 - INFO: Próxima verificação em 10s...
2025-07-08 14:41:23,811 - INFO: Verificando servidor...
2025-07-08 14:41:24,117 - INFO: Próxima verificação em 10s...
2025-07-08 14:41:34,118 - INFO: Verificando servidor...
2025-07-08 14:41:34,437 - INFO: Próxima verificação em 10s...
2025-07-08 14:41:44,438 - INFO: Verificando servidor...
2025-07-08 14:41:44,737 - INFO: Próxima verificação em 10s...
2025-07-08 14:41:54,738 - INFO: Verificando servidor...
2025-07-08 14:41:55,487 - INFO: Próxima verificação em 10s...
2025-07-08 14:42:05,488 - INFO: Verificando servidor...
2025-07-08 14:42:05,805 - INFO: Próxima verificação em 10s...
2025-07-08 14:42:15,806 - INFO: Verificando servidor...
2025-07-08 14:42:16,112 - INFO: Próxima verificação em 10s...
2025-07-08 14:42:26,113 - INFO: Verificando servidor...
2025-07-08 14:42:26,406 - INFO: Próxima verificação em 10s...
2025-07-08 14:42:36,407 - INFO: Verificando servidor...
2025-07-08 14:42:36,707 - INFO: Próxima verificação em 10s...
2025-07-08 14:42:54,451 - INFO: === Cliente de Lançamento do Minecraft ===
2025-07-08 14:42:54,451 - INFO: Servidor: https://scoregame-site.onrender.com
2025-07-08 14:42:54,451 - INFO: Intervalo de polling: 10s
2025-07-08 14:42:54,451 - INFO: Usuário atual: micael.amaral
2025-07-08 14:42:54,452 - INFO: Para sair, pressione Ctrl+C
2025-07-08 14:42:54,452 - INFO: Verificando servidor...
2025-07-08 14:42:55,121 - INFO: Próxima verificação em 10s...
2025-07-08 14:43:05,122 - INFO: Verificando servidor...
2025-07-08 14:43:05,477 - INFO: Próxima verificação em 10s...
2025-07-08 14:43:15,478 - INFO: Verificando servidor...
2025-07-08 14:43:15,768 - INFO: Próxima verificação em 10s...
2025-07-08 14:43:25,769 - INFO: Verificando servidor...
2025-07-08 14:43:26,057 - INFO: Próxima verificação em 10s...
2025-07-08 14:43:36,058 - INFO: Verificando servidor...
2025-07-08 14:43:36,360 - INFO: Próxima verificação em 10s...
2025-07-08 14:43:46,361 - INFO: Verificando servidor...
2025-07-08 14:43:46,764 - INFO: Próxima verificação em 10s...
2025-07-08 14:43:56,765 - INFO: Verificando servidor...
2025-07-08 14:43:57,429 - INFO: Próxima verificação em 10s...
2025-07-08 14:44:07,431 - INFO: Verificando servidor...
2025-07-08 14:44:08,088 - INFO: Próxima verificação em 10s...
2025-07-08 14:44:18,089 - INFO: Verificando servidor...
2025-07-08 14:44:18,816 - INFO: Próxima verificação em 10s...
2025-07-08 14:44:28,817 - INFO: Verificando servidor...
2025-07-08 14:44:29,466 - INFO: Próxima verificação em 10s...
2025-07-08 14:44:39,467 - INFO: Verificando servidor...
2025-07-08 14:44:39,790 - INFO: Próxima verificação em 10s...
2025-07-08 14:44:49,791 - INFO: Verificando servidor...
2025-07-08 14:44:50,080 - INFO: Próxima verificação em 10s...
2025-07-08 14:45:00,082 - INFO: Verificando servidor...
2025-07-08 14:45:00,391 - INFO: Próxima verificação em 10s...
2025-07-08 14:45:10,393 - INFO: Verificando servidor...
2025-07-08 14:45:10,832 - INFO: Próxima verificação em 10s...
2025-07-08 14:45:20,833 - INFO: Verificando servidor...
2025-07-08 14:45:21,134 - INFO: Próxima verificação em 10s...
2025-07-08 14:45:31,135 - INFO: Verificando servidor...
2025-07-08 14:45:31,442 - INFO: Próxima verificação em 10s...
2025-07-08 14:45:41,444 - INFO: Verificando servidor...
2025-07-08 14:45:41,779 - INFO: Próxima verificação em 10s...
2025-07-08 14:45:51,780 - INFO: Verificando servidor...
2025-07-08 14:45:52,083 - INFO: Próxima verificação em 10s...
2025-07-08 14:46:02,083 - INFO: Verificando servidor...
2025-07-08 14:46:03,013 - INFO: Próxima verificação em 10s...
2025-07-08 14:46:13,015 - INFO: Verificando servidor...
2025-07-08 14:46:13,324 - INFO: Próxima verificação em 10s...
2025-07-08 14:46:23,326 - INFO: Verificando servidor...
2025-07-08 14:46:23,682 - INFO: Próxima verificação em 10s...
